17:31:43:554  INFO 26248 --- [main] com.hmall.cart.CartApplication           : Starting CartApplication using Java 11.0.14 on LAPTOP-LC5FHFP2 with PID 26248 (D:\JAVA\Project\hmall\hmall\cart-service\target\classes started by kkkkkkk in D:\JAVA\Project\hmall\hmall)
17:31:43:557 DEBUG 26248 --- [main] com.hmall.cart.CartApplication           : Running with Spring Boot v2.7.12, Spring v5.3.27
17:31:43:558  INFO 26248 --- [main] com.hmall.cart.CartApplication           : The following 1 profile is active: "local"
17:31:44:554  INFO 26248 --- [main] o.s.cloud.context.scope.GenericScope     : BeanFactory id=b268b9dd-c5e7-3f68-9fcb-e4b3836978d0
17:31:44:909  INFO 26248 --- [main] o.s.b.w.embedded.tomcat.TomcatWebServer  : Tomcat initialized with port(s): 8082 (http)
17:31:44:920  INFO 26248 --- [main] o.apache.catalina.core.StandardService   : Starting service [Tomcat]
17:31:44:920  INFO 26248 --- [main] org.apache.catalina.core.StandardEngine  : Starting Servlet engine: [Apache Tomcat/9.0.75]
17:31:45:051  INFO 26248 --- [main] o.a.c.c.C.[Tomcat].[localhost].[/]       : Initializing Spring embedded WebApplicationContext
17:31:45:052  INFO 26248 --- [main] w.s.c.ServletWebServerApplicationContext : Root WebApplicationContext: initialization completed in 1446 ms
17:31:47:914  INFO 26248 --- [main] pertySourcedRequestMappingHandlerMapping : Mapped URL path [/v2/api-docs] onto method [springfox.documentation.swagger2.web.Swagger2ControllerWebMvc#getDocumentation(String, HttpServletRequest)]
17:31:48:999  INFO 26248 --- [main] com.alibaba.nacos.common.remote.client   : [RpcClientFactory] create a new rpc client of ddc7b4d4-6dc4-40d5-9b43-92570ca2ecdb
17:31:49:056  INFO 26248 --- [main] org.reflections.Reflections              : Reflections took 33 ms to scan 1 urls, producing 3 keys and 6 values 
17:31:49:112  INFO 26248 --- [main] org.reflections.Reflections              : Reflections took 20 ms to scan 1 urls, producing 4 keys and 9 values 
17:31:49:127  INFO 26248 --- [main] org.reflections.Reflections              : Reflections took 11 ms to scan 1 urls, producing 3 keys and 10 values 
17:31:49:130  WARN 26248 --- [main] org.reflections.Reflections              : given scan urls are empty. set urls in the configuration
17:31:49:142  INFO 26248 --- [main] org.reflections.Reflections              : Reflections took 11 ms to scan 1 urls, producing 1 keys and 5 values 
17:31:49:155  INFO 26248 --- [main] org.reflections.Reflections              : Reflections took 11 ms to scan 1 urls, producing 1 keys and 7 values 
17:31:49:169  INFO 26248 --- [main] org.reflections.Reflections              : Reflections took 11 ms to scan 1 urls, producing 2 keys and 8 values 
17:31:49:171  WARN 26248 --- [main] org.reflections.Reflections              : given scan urls are empty. set urls in the configuration
17:31:49:173  INFO 26248 --- [main] com.alibaba.nacos.common.remote.client   : [ddc7b4d4-6dc4-40d5-9b43-92570ca2ecdb] RpcClient init label, labels = {module=naming, source=sdk}
17:31:49:175  INFO 26248 --- [main] com.alibaba.nacos.common.remote.client   : [ddc7b4d4-6dc4-40d5-9b43-92570ca2ecdb] RpcClient init, ServerListFactory = com.alibaba.nacos.client.naming.core.ServerListManager
17:31:49:175  INFO 26248 --- [main] com.alibaba.nacos.common.remote.client   : [ddc7b4d4-6dc4-40d5-9b43-92570ca2ecdb] Registry connection listener to current client:com.alibaba.nacos.client.naming.remote.gprc.redo.NamingGrpcRedoService
17:31:49:176  INFO 26248 --- [main] com.alibaba.nacos.common.remote.client   : [ddc7b4d4-6dc4-40d5-9b43-92570ca2ecdb] Register server push request handler:com.alibaba.nacos.client.naming.remote.gprc.NamingPushRequestHandler
17:31:49:177  INFO 26248 --- [main] com.alibaba.nacos.common.remote.client   : [ddc7b4d4-6dc4-40d5-9b43-92570ca2ecdb] Try to connect to server on start up, server: {serverIp = '192.168.66.100', server main port = 8848}
17:31:52:863  INFO 26248 --- [main] com.alibaba.nacos.common.remote.client   : [ddc7b4d4-6dc4-40d5-9b43-92570ca2ecdb] Success to connect to server [192.168.66.100:8848] on start up, connectionId = 1718357512147_172.17.0.1_53758
17:31:52:864  INFO 26248 --- [com.alibaba.nacos.client.remote.worker] com.alibaba.nacos.common.remote.client   : [ddc7b4d4-6dc4-40d5-9b43-92570ca2ecdb] Notify connected event to listeners.
17:31:52:865  INFO 26248 --- [main] com.alibaba.nacos.common.remote.client   : [ddc7b4d4-6dc4-40d5-9b43-92570ca2ecdb] Register server push request handler:com.alibaba.nacos.common.remote.client.RpcClient$ConnectResetRequestHandler
17:31:52:866  INFO 26248 --- [main] com.alibaba.nacos.common.remote.client   : [ddc7b4d4-6dc4-40d5-9b43-92570ca2ecdb] Register server push request handler:com.alibaba.nacos.common.remote.client.RpcClient$$Lambda$899/0x0000000800672440
17:31:53:079  INFO 26248 --- [main] o.s.b.w.embedded.tomcat.TomcatWebServer  : Tomcat started on port(s): 8082 (http) with context path ''
17:31:53:118  INFO 26248 --- [main] c.a.c.n.registry.NacosServiceRegistry    : nacos registry, DEFAULT_GROUP cart-service 10.242.202.211:8082 register finished
17:31:53:643  INFO 26248 --- [nacos-grpc-client-executor-11] com.alibaba.nacos.common.remote.client   : [ddc7b4d4-6dc4-40d5-9b43-92570ca2ecdb] Receive server push request, request = NotifySubscriberRequest, requestId = 1
17:31:53:647  INFO 26248 --- [nacos-grpc-client-executor-11] com.alibaba.nacos.common.remote.client   : [ddc7b4d4-6dc4-40d5-9b43-92570ca2ecdb] Ack server push request, request = NotifySubscriberRequest, requestId = 1
17:31:53:983  INFO 26248 --- [main] d.s.w.p.DocumentationPluginsBootstrapper : Documentation plugins bootstrapped
17:31:53:986  INFO 26248 --- [main] d.s.w.p.DocumentationPluginsBootstrapper : Found 1 custom documentation plugin(s)
17:31:54:008  INFO 26248 --- [main] s.d.s.w.s.ApiListingReferenceScanner     : Scanning for api listing references
17:31:54:097  INFO 26248 --- [main] com.hmall.cart.CartApplication           : Started CartApplication in 11.848 seconds (JVM running for 13.128)
17:54:38:515  WARN 26248 --- [Thread-7] c.a.n.common.http.HttpClientBeanHolder   : [HttpClientBeanHolder] Start destroying common HttpClient
17:54:38:515  WARN 26248 --- [Thread-4] c.a.nacos.common.notify.NotifyCenter     : [NotifyCenter] Start destroying Publisher
17:54:38:515  WARN 26248 --- [Thread-4] c.a.nacos.common.notify.NotifyCenter     : [NotifyCenter] Destruction of the end
17:54:38:516  WARN 26248 --- [Thread-7] c.a.n.common.http.HttpClientBeanHolder   : [HttpClientBeanHolder] Destruction of the end
17:54:39:080  INFO 26248 --- [SpringApplicationShutdownHook] c.a.c.n.registry.NacosServiceRegistry    : De-registering from Nacos Server now...
17:54:39:084  INFO 26248 --- [SpringApplicationShutdownHook] c.a.c.n.registry.NacosServiceRegistry    : De-registration finished.
17:54:39:392  INFO 26248 --- [SpringApplicationShutdownHook] com.alibaba.nacos.common.remote.client   : Shutdown rpc client, set status to shutdown
17:54:39:392  INFO 26248 --- [SpringApplicationShutdownHook] com.alibaba.nacos.common.remote.client   : Shutdown client event executor java.util.concurrent.ScheduledThreadPoolExecutor@5927b506[Running, pool size = 2, active threads = 2, queued tasks = 0, completed tasks = 0]
17:54:39:392  INFO 26248 --- [SpringApplicationShutdownHook] com.alibaba.nacos.common.remote.client   : Close current connection 1718357512147_172.17.0.1_53758
17:54:39:393  INFO 26248 --- [nacos-grpc-client-executor-310] c.a.n.c.remote.client.grpc.GrpcClient    : [1718357512147_172.17.0.1_53758]Ignore complete event,isRunning:false,isAbandon=false
17:54:39:402  INFO 26248 --- [SpringApplicationShutdownHook] c.a.n.c.remote.client.grpc.GrpcClient    : Shutdown grpc executor java.util.concurrent.ThreadPoolExecutor@154b8667[Running, pool size = 5, active threads = 0, queued tasks = 0, completed tasks = 311]
17:54:46:903  INFO 17380 --- [main] com.hmall.cart.CartApplication           : Starting CartApplication using Java 11.0.14 on LAPTOP-LC5FHFP2 with PID 17380 (D:\JAVA\Project\hmall\hmall\cart-service\target\classes started by kkkkkkk in D:\JAVA\Project\hmall\hmall)
17:54:46:905 DEBUG 17380 --- [main] com.hmall.cart.CartApplication           : Running with Spring Boot v2.7.12, Spring v5.3.27
17:54:46:905  INFO 17380 --- [main] com.hmall.cart.CartApplication           : The following 1 profile is active: "local"
17:54:47:668  INFO 17380 --- [main] o.s.cloud.context.scope.GenericScope     : BeanFactory id=b268b9dd-c5e7-3f68-9fcb-e4b3836978d0
17:54:47:949  INFO 17380 --- [main] o.s.b.w.embedded.tomcat.TomcatWebServer  : Tomcat initialized with port(s): 8082 (http)
17:54:47:957  INFO 17380 --- [main] o.apache.catalina.core.StandardService   : Starting service [Tomcat]
17:54:47:957  INFO 17380 --- [main] org.apache.catalina.core.StandardEngine  : Starting Servlet engine: [Apache Tomcat/9.0.75]
17:54:48:045  INFO 17380 --- [main] o.a.c.c.C.[Tomcat].[localhost].[/]       : Initializing Spring embedded WebApplicationContext
17:54:48:045  INFO 17380 --- [main] w.s.c.ServletWebServerApplicationContext : Root WebApplicationContext: initialization completed in 1109 ms
17:54:50:805  INFO 17380 --- [main] pertySourcedRequestMappingHandlerMapping : Mapped URL path [/v2/api-docs] onto method [springfox.documentation.swagger2.web.Swagger2ControllerWebMvc#getDocumentation(String, HttpServletRequest)]
17:54:50:992  INFO 17380 --- [main] com.alibaba.nacos.common.remote.client   : [RpcClientFactory] create a new rpc client of 7c0a80c1-fb1c-4692-ab3a-eb5a31056994
17:54:51:040  INFO 17380 --- [main] org.reflections.Reflections              : Reflections took 23 ms to scan 1 urls, producing 3 keys and 6 values 
17:54:51:064  INFO 17380 --- [main] org.reflections.Reflections              : Reflections took 8 ms to scan 1 urls, producing 4 keys and 9 values 
17:54:51:074  INFO 17380 --- [main] org.reflections.Reflections              : Reflections took 7 ms to scan 1 urls, producing 3 keys and 10 values 
17:54:51:076  WARN 17380 --- [main] org.reflections.Reflections              : given scan urls are empty. set urls in the configuration
17:54:51:084  INFO 17380 --- [main] org.reflections.Reflections              : Reflections took 8 ms to scan 1 urls, producing 1 keys and 5 values 
17:54:51:093  INFO 17380 --- [main] org.reflections.Reflections              : Reflections took 7 ms to scan 1 urls, producing 1 keys and 7 values 
17:54:51:101  INFO 17380 --- [main] org.reflections.Reflections              : Reflections took 6 ms to scan 1 urls, producing 2 keys and 8 values 
17:54:51:103  WARN 17380 --- [main] org.reflections.Reflections              : given scan urls are empty. set urls in the configuration
17:54:51:104  INFO 17380 --- [main] com.alibaba.nacos.common.remote.client   : [7c0a80c1-fb1c-4692-ab3a-eb5a31056994] RpcClient init label, labels = {module=naming, source=sdk}
17:54:51:105  INFO 17380 --- [main] com.alibaba.nacos.common.remote.client   : [7c0a80c1-fb1c-4692-ab3a-eb5a31056994] RpcClient init, ServerListFactory = com.alibaba.nacos.client.naming.core.ServerListManager
17:54:51:105  INFO 17380 --- [main] com.alibaba.nacos.common.remote.client   : [7c0a80c1-fb1c-4692-ab3a-eb5a31056994] Registry connection listener to current client:com.alibaba.nacos.client.naming.remote.gprc.redo.NamingGrpcRedoService
17:54:51:106  INFO 17380 --- [main] com.alibaba.nacos.common.remote.client   : [7c0a80c1-fb1c-4692-ab3a-eb5a31056994] Register server push request handler:com.alibaba.nacos.client.naming.remote.gprc.NamingPushRequestHandler
17:54:51:108  INFO 17380 --- [main] com.alibaba.nacos.common.remote.client   : [7c0a80c1-fb1c-4692-ab3a-eb5a31056994] Try to connect to server on start up, server: {serverIp = '192.168.66.100', server main port = 8848}
17:54:53:165  INFO 17380 --- [main] com.alibaba.nacos.common.remote.client   : [7c0a80c1-fb1c-4692-ab3a-eb5a31056994] Success to connect to server [192.168.66.100:8848] on start up, connectionId = 1718358892993_172.17.0.1_59368
17:54:53:165  INFO 17380 --- [com.alibaba.nacos.client.remote.worker] com.alibaba.nacos.common.remote.client   : [7c0a80c1-fb1c-4692-ab3a-eb5a31056994] Notify connected event to listeners.
17:54:53:166  INFO 17380 --- [main] com.alibaba.nacos.common.remote.client   : [7c0a80c1-fb1c-4692-ab3a-eb5a31056994] Register server push request handler:com.alibaba.nacos.common.remote.client.RpcClient$ConnectResetRequestHandler
17:54:53:166  INFO 17380 --- [main] com.alibaba.nacos.common.remote.client   : [7c0a80c1-fb1c-4692-ab3a-eb5a31056994] Register server push request handler:com.alibaba.nacos.common.remote.client.RpcClient$$Lambda$899/0x0000000800673840
17:54:53:216  INFO 17380 --- [main] o.s.b.w.embedded.tomcat.TomcatWebServer  : Tomcat started on port(s): 8082 (http) with context path ''
17:54:53:739  INFO 17380 --- [nacos-grpc-client-executor-6] com.alibaba.nacos.common.remote.client   : [7c0a80c1-fb1c-4692-ab3a-eb5a31056994] Receive server push request, request = NotifySubscriberRequest, requestId = 5
17:54:53:740  INFO 17380 --- [nacos-grpc-client-executor-6] com.alibaba.nacos.common.remote.client   : [7c0a80c1-fb1c-4692-ab3a-eb5a31056994] Ack server push request, request = NotifySubscriberRequest, requestId = 5
17:54:53:854  INFO 17380 --- [main] c.a.c.n.registry.NacosServiceRegistry    : nacos registry, DEFAULT_GROUP cart-service 10.242.202.211:8082 register finished
17:54:53:855  INFO 17380 --- [main] d.s.w.p.DocumentationPluginsBootstrapper : Documentation plugins bootstrapped
17:54:53:858  INFO 17380 --- [main] d.s.w.p.DocumentationPluginsBootstrapper : Found 1 custom documentation plugin(s)
17:54:53:877  INFO 17380 --- [main] s.d.s.w.s.ApiListingReferenceScanner     : Scanning for api listing references
17:54:53:953  INFO 17380 --- [main] com.hmall.cart.CartApplication           : Started CartApplication in 8.23 seconds (JVM running for 9.451)
17:54:54:372  INFO 17380 --- [nacos-grpc-client-executor-10] com.alibaba.nacos.common.remote.client   : [7c0a80c1-fb1c-4692-ab3a-eb5a31056994] Receive server push request, request = NotifySubscriberRequest, requestId = 6
17:54:54:375  INFO 17380 --- [nacos-grpc-client-executor-10] com.alibaba.nacos.common.remote.client   : [7c0a80c1-fb1c-4692-ab3a-eb5a31056994] Ack server push request, request = NotifySubscriberRequest, requestId = 6
17:58:24:892  WARN 17380 --- [Thread-7] c.a.n.common.http.HttpClientBeanHolder   : [HttpClientBeanHolder] Start destroying common HttpClient
17:58:24:893  WARN 17380 --- [Thread-7] c.a.n.common.http.HttpClientBeanHolder   : [HttpClientBeanHolder] Destruction of the end
17:58:24:894  WARN 17380 --- [Thread-4] c.a.nacos.common.notify.NotifyCenter     : [NotifyCenter] Start destroying Publisher
17:58:24:895  WARN 17380 --- [Thread-4] c.a.nacos.common.notify.NotifyCenter     : [NotifyCenter] Destruction of the end
17:58:25:559  INFO 17380 --- [SpringApplicationShutdownHook] c.a.c.n.registry.NacosServiceRegistry    : De-registering from Nacos Server now...
17:58:25:562  INFO 17380 --- [SpringApplicationShutdownHook] c.a.c.n.registry.NacosServiceRegistry    : De-registration finished.
17:58:25:866  INFO 17380 --- [SpringApplicationShutdownHook] com.alibaba.nacos.common.remote.client   : Shutdown rpc client, set status to shutdown
17:58:25:866  INFO 17380 --- [SpringApplicationShutdownHook] com.alibaba.nacos.common.remote.client   : Shutdown client event executor java.util.concurrent.ScheduledThreadPoolExecutor@630d1952[Running, pool size = 2, active threads = 2, queued tasks = 0, completed tasks = 0]
17:58:25:866  INFO 17380 --- [SpringApplicationShutdownHook] com.alibaba.nacos.common.remote.client   : Close current connection 1718358892993_172.17.0.1_59368
17:58:25:868  INFO 17380 --- [nacos-grpc-client-executor-62] c.a.n.c.remote.client.grpc.GrpcClient    : [1718358892993_172.17.0.1_59368]Ignore complete event,isRunning:false,isAbandon=false
17:58:25:869  INFO 17380 --- [SpringApplicationShutdownHook] c.a.n.c.remote.client.grpc.GrpcClient    : Shutdown grpc executor java.util.concurrent.ThreadPoolExecutor@58904445[Running, pool size = 5, active threads = 0, queued tasks = 0, completed tasks = 63]
19:48:08:586  INFO 29624 --- [main] com.hmall.cart.CartApplication           : Starting CartApplication using Java 11.0.14 on LAPTOP-LC5FHFP2 with PID 29624 (D:\JAVA\Project\hmall\hmall\cart-service\target\classes started by kkkkkkk in D:\JAVA\Project\hmall\hmall)
19:48:08:588 DEBUG 29624 --- [main] com.hmall.cart.CartApplication           : Running with Spring Boot v2.7.12, Spring v5.3.27
19:48:08:588  INFO 29624 --- [main] com.hmall.cart.CartApplication           : The following 1 profile is active: "local"
19:48:09:678  INFO 29624 --- [main] o.s.cloud.context.scope.GenericScope     : BeanFactory id=ac72a238-ecfe-3f53-8d26-a060939bd3e3
19:48:10:086  INFO 29624 --- [main] o.s.b.w.embedded.tomcat.TomcatWebServer  : Tomcat initialized with port(s): 8082 (http)
19:48:10:103  INFO 29624 --- [main] o.apache.catalina.core.StandardService   : Starting service [Tomcat]
19:48:10:104  INFO 29624 --- [main] org.apache.catalina.core.StandardEngine  : Starting Servlet engine: [Apache Tomcat/9.0.75]
19:48:10:261  INFO 29624 --- [main] o.a.c.c.C.[Tomcat].[localhost].[/]       : Initializing Spring embedded WebApplicationContext
19:48:10:262  INFO 29624 --- [main] w.s.c.ServletWebServerApplicationContext : Root WebApplicationContext: initialization completed in 1630 ms
19:48:10:490  INFO 29624 --- [main] o.s.c.openfeign.FeignClientFactoryBean   : For 'item-service' URL not provided. Will try picking an instance via load-balancing.
19:48:13:373  INFO 29624 --- [main] pertySourcedRequestMappingHandlerMapping : Mapped URL path [/v2/api-docs] onto method [springfox.documentation.swagger2.web.Swagger2ControllerWebMvc#getDocumentation(String, HttpServletRequest)]
19:48:14:681  INFO 29624 --- [main] com.alibaba.nacos.common.remote.client   : [RpcClientFactory] create a new rpc client of 498352a6-1999-4ed2-b277-3d2684c943b8
19:48:14:733  INFO 29624 --- [main] org.reflections.Reflections              : Reflections took 27 ms to scan 1 urls, producing 3 keys and 6 values 
19:48:14:758  INFO 29624 --- [main] org.reflections.Reflections              : Reflections took 10 ms to scan 1 urls, producing 4 keys and 9 values 
19:48:14:772  INFO 29624 --- [main] org.reflections.Reflections              : Reflections took 11 ms to scan 1 urls, producing 3 keys and 10 values 
19:48:14:774  WARN 29624 --- [main] org.reflections.Reflections              : given scan urls are empty. set urls in the configuration
19:48:14:781  INFO 29624 --- [main] org.reflections.Reflections              : Reflections took 6 ms to scan 1 urls, producing 1 keys and 5 values 
19:48:14:791  INFO 29624 --- [main] org.reflections.Reflections              : Reflections took 8 ms to scan 1 urls, producing 1 keys and 7 values 
19:48:14:799  INFO 29624 --- [main] org.reflections.Reflections              : Reflections took 6 ms to scan 1 urls, producing 2 keys and 8 values 
19:48:14:802  WARN 29624 --- [main] org.reflections.Reflections              : given scan urls are empty. set urls in the configuration
19:48:14:803  INFO 29624 --- [main] com.alibaba.nacos.common.remote.client   : [498352a6-1999-4ed2-b277-3d2684c943b8] RpcClient init label, labels = {module=naming, source=sdk}
19:48:14:806  INFO 29624 --- [main] com.alibaba.nacos.common.remote.client   : [498352a6-1999-4ed2-b277-3d2684c943b8] RpcClient init, ServerListFactory = com.alibaba.nacos.client.naming.core.ServerListManager
19:48:14:806  INFO 29624 --- [main] com.alibaba.nacos.common.remote.client   : [498352a6-1999-4ed2-b277-3d2684c943b8] Registry connection listener to current client:com.alibaba.nacos.client.naming.remote.gprc.redo.NamingGrpcRedoService
19:48:14:807  INFO 29624 --- [main] com.alibaba.nacos.common.remote.client   : [498352a6-1999-4ed2-b277-3d2684c943b8] Register server push request handler:com.alibaba.nacos.client.naming.remote.gprc.NamingPushRequestHandler
19:48:14:809  INFO 29624 --- [main] com.alibaba.nacos.common.remote.client   : [498352a6-1999-4ed2-b277-3d2684c943b8] Try to connect to server on start up, server: {serverIp = '192.168.66.100', server main port = 8848}
19:48:17:496  INFO 29624 --- [main] com.alibaba.nacos.common.remote.client   : [498352a6-1999-4ed2-b277-3d2684c943b8] Success to connect to server [192.168.66.100:8848] on start up, connectionId = 1718365697315_172.17.0.1_49288
19:48:17:496  INFO 29624 --- [com.alibaba.nacos.client.remote.worker] com.alibaba.nacos.common.remote.client   : [498352a6-1999-4ed2-b277-3d2684c943b8] Notify connected event to listeners.
19:48:17:497  INFO 29624 --- [main] com.alibaba.nacos.common.remote.client   : [498352a6-1999-4ed2-b277-3d2684c943b8] Register server push request handler:com.alibaba.nacos.common.remote.client.RpcClient$ConnectResetRequestHandler
19:48:17:497  INFO 29624 --- [main] com.alibaba.nacos.common.remote.client   : [498352a6-1999-4ed2-b277-3d2684c943b8] Register server push request handler:com.alibaba.nacos.common.remote.client.RpcClient$$Lambda$974/0x000000080072e440
19:48:17:550  INFO 29624 --- [main] o.s.b.w.embedded.tomcat.TomcatWebServer  : Tomcat started on port(s): 8082 (http) with context path ''
19:48:17:562  INFO 29624 --- [main] c.a.c.n.registry.NacosServiceRegistry    : nacos registry, DEFAULT_GROUP cart-service 10.242.202.211:8082 register finished
19:48:18:098  INFO 29624 --- [nacos-grpc-client-executor-9] com.alibaba.nacos.common.remote.client   : [498352a6-1999-4ed2-b277-3d2684c943b8] Receive server push request, request = NotifySubscriberRequest, requestId = 7
19:48:18:101  INFO 29624 --- [nacos-grpc-client-executor-9] com.alibaba.nacos.common.remote.client   : [498352a6-1999-4ed2-b277-3d2684c943b8] Ack server push request, request = NotifySubscriberRequest, requestId = 7
19:48:18:429  INFO 29624 --- [main] d.s.w.p.DocumentationPluginsBootstrapper : Documentation plugins bootstrapped
19:48:18:432  INFO 29624 --- [main] d.s.w.p.DocumentationPluginsBootstrapper : Found 1 custom documentation plugin(s)
19:48:18:451  INFO 29624 --- [main] s.d.s.w.s.ApiListingReferenceScanner     : Scanning for api listing references
19:48:18:546  INFO 29624 --- [main] com.hmall.cart.CartApplication           : Started CartApplication in 11.262 seconds (JVM running for 12.467)
19:48:24:548  INFO 29624 --- [http-nio-8082-exec-1] o.a.c.c.C.[Tomcat].[localhost].[/]       : Initializing Spring DispatcherServlet 'dispatcherServlet'
19:48:24:549  INFO 29624 --- [http-nio-8082-exec-1] o.s.web.servlet.DispatcherServlet        : Initializing Servlet 'dispatcherServlet'
19:48:24:554  INFO 29624 --- [http-nio-8082-exec-1] o.s.web.servlet.DispatcherServlet        : Completed initialization in 5 ms
19:48:47:732  INFO 29624 --- [http-nio-8082-exec-4] com.zaxxer.hikari.HikariDataSource       : HikariPool-1 - Starting...
19:48:47:851  INFO 29624 --- [http-nio-8082-exec-4] com.zaxxer.hikari.HikariDataSource       : HikariPool-1 - Start completed.
19:48:47:858 DEBUG 29624 --- [http-nio-8082-exec-4] c.h.cart.mapper.CartMapper.selectList    : ==>  Preparing: SELECT id,user_id,item_id,num,name,spec,price,image,create_time,update_time FROM cart WHERE (user_id = ?)
19:48:47:875 DEBUG 29624 --- [http-nio-8082-exec-4] c.h.cart.mapper.CartMapper.selectList    : ==> Parameters: 1(Long)
19:48:47:907 DEBUG 29624 --- [http-nio-8082-exec-4] c.h.cart.mapper.CartMapper.selectList    : <==      Total: 1
19:48:48:642  INFO 29624 --- [nacos-grpc-client-executor-19] com.alibaba.nacos.common.remote.client   : [498352a6-1999-4ed2-b277-3d2684c943b8] Receive server push request, request = NotifySubscriberRequest, requestId = 11
19:48:48:642  INFO 29624 --- [nacos-grpc-client-executor-19] com.alibaba.nacos.common.remote.client   : [498352a6-1999-4ed2-b277-3d2684c943b8] Ack server push request, request = NotifySubscriberRequest, requestId = 11
19:48:50:738 DEBUG 29624 --- [http-nio-8082-exec-7] c.h.cart.mapper.CartMapper.selectList    : ==>  Preparing: SELECT id,user_id,item_id,num,name,spec,price,image,create_time,update_time FROM cart WHERE (user_id = ?)
19:48:50:738 DEBUG 29624 --- [http-nio-8082-exec-7] c.h.cart.mapper.CartMapper.selectList    : ==> Parameters: 1(Long)
19:48:50:740 DEBUG 29624 --- [http-nio-8082-exec-7] c.h.cart.mapper.CartMapper.selectList    : <==      Total: 1
19:48:51:364 DEBUG 29624 --- [http-nio-8082-exec-5] c.h.cart.mapper.CartMapper.selectList    : ==>  Preparing: SELECT id,user_id,item_id,num,name,spec,price,image,create_time,update_time FROM cart WHERE (user_id = ?)
19:48:51:365 DEBUG 29624 --- [http-nio-8082-exec-5] c.h.cart.mapper.CartMapper.selectList    : ==> Parameters: 1(Long)
19:48:51:367 DEBUG 29624 --- [http-nio-8082-exec-5] c.h.cart.mapper.CartMapper.selectList    : <==      Total: 1
19:48:51:520 DEBUG 29624 --- [http-nio-8082-exec-9] c.h.cart.mapper.CartMapper.selectList    : ==>  Preparing: SELECT id,user_id,item_id,num,name,spec,price,image,create_time,update_time FROM cart WHERE (user_id = ?)
19:48:51:520 DEBUG 29624 --- [http-nio-8082-exec-9] c.h.cart.mapper.CartMapper.selectList    : ==> Parameters: 1(Long)
19:48:51:522 DEBUG 29624 --- [http-nio-8082-exec-9] c.h.cart.mapper.CartMapper.selectList    : <==      Total: 1
19:48:51:683 DEBUG 29624 --- [http-nio-8082-exec-8] c.h.cart.mapper.CartMapper.selectList    : ==>  Preparing: SELECT id,user_id,item_id,num,name,spec,price,image,create_time,update_time FROM cart WHERE (user_id = ?)
19:48:51:683 DEBUG 29624 --- [http-nio-8082-exec-8] c.h.cart.mapper.CartMapper.selectList    : ==> Parameters: 1(Long)
19:48:51:685 DEBUG 29624 --- [http-nio-8082-exec-8] c.h.cart.mapper.CartMapper.selectList    : <==      Total: 1
19:48:51:816 DEBUG 29624 --- [http-nio-8082-exec-1] c.h.cart.mapper.CartMapper.selectList    : ==>  Preparing: SELECT id,user_id,item_id,num,name,spec,price,image,create_time,update_time FROM cart WHERE (user_id = ?)
19:48:51:816 DEBUG 29624 --- [http-nio-8082-exec-1] c.h.cart.mapper.CartMapper.selectList    : ==> Parameters: 1(Long)
19:48:51:818 DEBUG 29624 --- [http-nio-8082-exec-1] c.h.cart.mapper.CartMapper.selectList    : <==      Total: 1
19:48:51:932 DEBUG 29624 --- [http-nio-8082-exec-3] c.h.cart.mapper.CartMapper.selectList    : ==>  Preparing: SELECT id,user_id,item_id,num,name,spec,price,image,create_time,update_time FROM cart WHERE (user_id = ?)
19:48:51:932 DEBUG 29624 --- [http-nio-8082-exec-3] c.h.cart.mapper.CartMapper.selectList    : ==> Parameters: 1(Long)
19:48:51:934 DEBUG 29624 --- [http-nio-8082-exec-3] c.h.cart.mapper.CartMapper.selectList    : <==      Total: 1
20:00:01:043  WARN 29624 --- [Thread-7] c.a.n.common.http.HttpClientBeanHolder   : [HttpClientBeanHolder] Start destroying common HttpClient
20:00:01:043  WARN 29624 --- [Thread-4] c.a.nacos.common.notify.NotifyCenter     : [NotifyCenter] Start destroying Publisher
20:00:01:043  WARN 29624 --- [Thread-4] c.a.nacos.common.notify.NotifyCenter     : [NotifyCenter] Destruction of the end
20:00:01:044  WARN 29624 --- [Thread-7] c.a.n.common.http.HttpClientBeanHolder   : [HttpClientBeanHolder] Destruction of the end
20:00:01:500  INFO 29624 --- [SpringApplicationShutdownHook] c.a.c.n.registry.NacosServiceRegistry    : De-registering from Nacos Server now...
20:00:01:504  INFO 29624 --- [SpringApplicationShutdownHook] c.a.c.n.registry.NacosServiceRegistry    : De-registration finished.
20:00:01:808  INFO 29624 --- [SpringApplicationShutdownHook] com.alibaba.nacos.common.remote.client   : Shutdown rpc client, set status to shutdown
20:00:01:808  INFO 29624 --- [SpringApplicationShutdownHook] com.alibaba.nacos.common.remote.client   : Shutdown client event executor java.util.concurrent.ScheduledThreadPoolExecutor@7454af56[Running, pool size = 2, active threads = 2, queued tasks = 0, completed tasks = 0]
20:00:01:808  INFO 29624 --- [SpringApplicationShutdownHook] com.alibaba.nacos.common.remote.client   : Close current connection 1718365697315_172.17.0.1_49288
20:00:01:810  INFO 29624 --- [nacos-grpc-client-executor-172] c.a.n.c.remote.client.grpc.GrpcClient    : [1718365697315_172.17.0.1_49288]Ignore complete event,isRunning:false,isAbandon=false
20:00:01:813  INFO 29624 --- [SpringApplicationShutdownHook] c.a.n.c.remote.client.grpc.GrpcClient    : Shutdown grpc executor java.util.concurrent.ThreadPoolExecutor@23a4094a[Running, pool size = 5, active threads = 0, queued tasks = 0, completed tasks = 173]
20:00:01:816  INFO 29624 --- [SpringApplicationShutdownHook] com.zaxxer.hikari.HikariDataSource       : HikariPool-1 - Shutdown initiated...
20:00:01:823  INFO 29624 --- [SpringApplicationShutdownHook] com.zaxxer.hikari.HikariDataSource       : HikariPool-1 - Shutdown completed.
20:00:09:054  INFO 16888 --- [main] com.hmall.cart.CartApplication           : Starting CartApplication using Java 11.0.14 on LAPTOP-LC5FHFP2 with PID 16888 (D:\JAVA\Project\hmall\hmall\cart-service\target\classes started by kkkkkkk in D:\JAVA\Project\hmall\hmall)
20:00:09:055 DEBUG 16888 --- [main] com.hmall.cart.CartApplication           : Running with Spring Boot v2.7.12, Spring v5.3.27
20:00:09:056  INFO 16888 --- [main] com.hmall.cart.CartApplication           : The following 1 profile is active: "local"
20:00:09:782  INFO 16888 --- [main] o.s.cloud.context.scope.GenericScope     : BeanFactory id=3e802608-092a-31dc-953a-ce689d315aca
20:00:10:053  INFO 16888 --- [main] o.s.b.w.embedded.tomcat.TomcatWebServer  : Tomcat initialized with port(s): 8082 (http)
20:00:10:060  INFO 16888 --- [main] o.apache.catalina.core.StandardService   : Starting service [Tomcat]
20:00:10:060  INFO 16888 --- [main] org.apache.catalina.core.StandardEngine  : Starting Servlet engine: [Apache Tomcat/9.0.75]
20:00:10:168  INFO 16888 --- [main] o.a.c.c.C.[Tomcat].[localhost].[/]       : Initializing Spring embedded WebApplicationContext
20:00:10:168  INFO 16888 --- [main] w.s.c.ServletWebServerApplicationContext : Root WebApplicationContext: initialization completed in 1083 ms
20:00:10:300  INFO 16888 --- [main] o.s.c.openfeign.FeignClientFactoryBean   : For 'item-service' URL not provided. Will try picking an instance via load-balancing.
20:00:12:325  INFO 16888 --- [main] pertySourcedRequestMappingHandlerMapping : Mapped URL path [/v2/api-docs] onto method [springfox.documentation.swagger2.web.Swagger2ControllerWebMvc#getDocumentation(String, HttpServletRequest)]
20:00:13:082  INFO 16888 --- [main] com.alibaba.nacos.common.remote.client   : [RpcClientFactory] create a new rpc client of 89225836-5278-4fa2-b89c-2ae9a2172e19
20:00:13:116  INFO 16888 --- [main] org.reflections.Reflections              : Reflections took 17 ms to scan 1 urls, producing 3 keys and 6 values 
20:00:13:139  INFO 16888 --- [main] org.reflections.Reflections              : Reflections took 8 ms to scan 1 urls, producing 4 keys and 9 values 
20:00:13:149  INFO 16888 --- [main] org.reflections.Reflections              : Reflections took 8 ms to scan 1 urls, producing 3 keys and 10 values 
20:00:13:152  WARN 16888 --- [main] org.reflections.Reflections              : given scan urls are empty. set urls in the configuration
20:00:13:158  INFO 16888 --- [main] org.reflections.Reflections              : Reflections took 6 ms to scan 1 urls, producing 1 keys and 5 values 
20:00:13:167  INFO 16888 --- [main] org.reflections.Reflections              : Reflections took 7 ms to scan 1 urls, producing 1 keys and 7 values 
20:00:13:175  INFO 16888 --- [main] org.reflections.Reflections              : Reflections took 6 ms to scan 1 urls, producing 2 keys and 8 values 
20:00:13:177  WARN 16888 --- [main] org.reflections.Reflections              : given scan urls are empty. set urls in the configuration
20:00:13:178  INFO 16888 --- [main] com.alibaba.nacos.common.remote.client   : [89225836-5278-4fa2-b89c-2ae9a2172e19] RpcClient init label, labels = {module=naming, source=sdk}
20:00:13:180  INFO 16888 --- [main] com.alibaba.nacos.common.remote.client   : [89225836-5278-4fa2-b89c-2ae9a2172e19] RpcClient init, ServerListFactory = com.alibaba.nacos.client.naming.core.ServerListManager
20:00:13:180  INFO 16888 --- [main] com.alibaba.nacos.common.remote.client   : [89225836-5278-4fa2-b89c-2ae9a2172e19] Registry connection listener to current client:com.alibaba.nacos.client.naming.remote.gprc.redo.NamingGrpcRedoService
20:00:13:180  INFO 16888 --- [main] com.alibaba.nacos.common.remote.client   : [89225836-5278-4fa2-b89c-2ae9a2172e19] Register server push request handler:com.alibaba.nacos.client.naming.remote.gprc.NamingPushRequestHandler
20:00:13:182  INFO 16888 --- [main] com.alibaba.nacos.common.remote.client   : [89225836-5278-4fa2-b89c-2ae9a2172e19] Try to connect to server on start up, server: {serverIp = '192.168.66.100', server main port = 8848}
20:00:15:172  INFO 16888 --- [main] com.alibaba.nacos.common.remote.client   : [89225836-5278-4fa2-b89c-2ae9a2172e19] Success to connect to server [192.168.66.100:8848] on start up, connectionId = 1718366414991_172.17.0.1_52505
20:00:15:172  INFO 16888 --- [com.alibaba.nacos.client.remote.worker] com.alibaba.nacos.common.remote.client   : [89225836-5278-4fa2-b89c-2ae9a2172e19] Notify connected event to listeners.
20:00:15:174  INFO 16888 --- [main] com.alibaba.nacos.common.remote.client   : [89225836-5278-4fa2-b89c-2ae9a2172e19] Register server push request handler:com.alibaba.nacos.common.remote.client.RpcClient$ConnectResetRequestHandler
20:00:15:175  INFO 16888 --- [main] com.alibaba.nacos.common.remote.client   : [89225836-5278-4fa2-b89c-2ae9a2172e19] Register server push request handler:com.alibaba.nacos.common.remote.client.RpcClient$$Lambda$987/0x000000080070b840
20:00:15:212  INFO 16888 --- [main] o.s.b.w.embedded.tomcat.TomcatWebServer  : Tomcat started on port(s): 8082 (http) with context path ''
20:00:15:232  INFO 16888 --- [main] c.a.c.n.registry.NacosServiceRegistry    : nacos registry, DEFAULT_GROUP cart-service 10.242.202.211:8082 register finished
20:00:15:782  INFO 16888 --- [nacos-grpc-client-executor-10] com.alibaba.nacos.common.remote.client   : [89225836-5278-4fa2-b89c-2ae9a2172e19] Receive server push request, request = NotifySubscriberRequest, requestId = 12
20:00:15:784  INFO 16888 --- [nacos-grpc-client-executor-10] com.alibaba.nacos.common.remote.client   : [89225836-5278-4fa2-b89c-2ae9a2172e19] Ack server push request, request = NotifySubscriberRequest, requestId = 12
20:00:15:843  INFO 16888 --- [main] d.s.w.p.DocumentationPluginsBootstrapper : Documentation plugins bootstrapped
20:00:15:845  INFO 16888 --- [main] d.s.w.p.DocumentationPluginsBootstrapper : Found 1 custom documentation plugin(s)
20:00:15:863  INFO 16888 --- [main] s.d.s.w.s.ApiListingReferenceScanner     : Scanning for api listing references
20:00:15:929  INFO 16888 --- [main] com.hmall.cart.CartApplication           : Started CartApplication in 8.003 seconds (JVM running for 9.145)
20:01:08:212  INFO 16888 --- [http-nio-8082-exec-1] o.a.c.c.C.[Tomcat].[localhost].[/]       : Initializing Spring DispatcherServlet 'dispatcherServlet'
20:01:08:213  INFO 16888 --- [http-nio-8082-exec-1] o.s.web.servlet.DispatcherServlet        : Initializing Servlet 'dispatcherServlet'
20:01:08:214  INFO 16888 --- [http-nio-8082-exec-1] o.s.web.servlet.DispatcherServlet        : Completed initialization in 1 ms
20:01:08:301  INFO 16888 --- [http-nio-8082-exec-1] com.zaxxer.hikari.HikariDataSource       : HikariPool-1 - Starting...
20:01:08:434  INFO 16888 --- [http-nio-8082-exec-1] com.zaxxer.hikari.HikariDataSource       : HikariPool-1 - Start completed.
20:01:08:440 DEBUG 16888 --- [http-nio-8082-exec-1] c.h.cart.mapper.CartMapper.selectList    : ==>  Preparing: SELECT id,user_id,item_id,num,name,spec,price,image,create_time,update_time FROM cart WHERE (user_id = ?)
20:01:08:457 DEBUG 16888 --- [http-nio-8082-exec-1] c.h.cart.mapper.CartMapper.selectList    : ==> Parameters: 1(Long)
20:01:08:486 DEBUG 16888 --- [http-nio-8082-exec-1] c.h.cart.mapper.CartMapper.selectList    : <==      Total: 1
20:01:09:216  INFO 16888 --- [nacos-grpc-client-executor-25] com.alibaba.nacos.common.remote.client   : [89225836-5278-4fa2-b89c-2ae9a2172e19] Receive server push request, request = NotifySubscriberRequest, requestId = 13
20:01:09:216  INFO 16888 --- [nacos-grpc-client-executor-25] com.alibaba.nacos.common.remote.client   : [89225836-5278-4fa2-b89c-2ae9a2172e19] Ack server push request, request = NotifySubscriberRequest, requestId = 13
20:01:28:977  WARN 16888 --- [Thread-4] c.a.nacos.common.notify.NotifyCenter     : [NotifyCenter] Start destroying Publisher
20:01:28:977  WARN 16888 --- [Thread-7] c.a.n.common.http.HttpClientBeanHolder   : [HttpClientBeanHolder] Start destroying common HttpClient
20:01:28:977  WARN 16888 --- [Thread-4] c.a.nacos.common.notify.NotifyCenter     : [NotifyCenter] Destruction of the end
20:01:28:978  WARN 16888 --- [Thread-7] c.a.n.common.http.HttpClientBeanHolder   : [HttpClientBeanHolder] Destruction of the end
20:01:29:442  INFO 16888 --- [SpringApplicationShutdownHook] c.a.c.n.registry.NacosServiceRegistry    : De-registering from Nacos Server now...
20:01:29:447  INFO 16888 --- [SpringApplicationShutdownHook] c.a.c.n.registry.NacosServiceRegistry    : De-registration finished.
20:01:29:755  INFO 16888 --- [SpringApplicationShutdownHook] com.alibaba.nacos.common.remote.client   : Shutdown rpc client, set status to shutdown
20:01:29:755  INFO 16888 --- [SpringApplicationShutdownHook] com.alibaba.nacos.common.remote.client   : Shutdown client event executor java.util.concurrent.ScheduledThreadPoolExecutor@707c10a0[Running, pool size = 2, active threads = 2, queued tasks = 0, completed tasks = 0]
20:01:29:756  INFO 16888 --- [SpringApplicationShutdownHook] com.alibaba.nacos.common.remote.client   : Close current connection 1718366414991_172.17.0.1_52505
20:01:29:759  INFO 16888 --- [SpringApplicationShutdownHook] c.a.n.c.remote.client.grpc.GrpcClient    : Shutdown grpc executor java.util.concurrent.ThreadPoolExecutor@74a5ceca[Running, pool size = 6, active threads = 0, queued tasks = 0, completed tasks = 34]
20:01:29:759  INFO 16888 --- [nacos-grpc-client-executor-34] c.a.n.c.remote.client.grpc.GrpcClient    : [1718366414991_172.17.0.1_52505]Ignore complete event,isRunning:false,isAbandon=false
20:01:29:762  INFO 16888 --- [SpringApplicationShutdownHook] com.zaxxer.hikari.HikariDataSource       : HikariPool-1 - Shutdown initiated...
20:01:29:767  INFO 16888 --- [SpringApplicationShutdownHook] com.zaxxer.hikari.HikariDataSource       : HikariPool-1 - Shutdown completed.
20:01:33:955  INFO 14632 --- [main] com.hmall.cart.CartApplication           : Starting CartApplication using Java 11.0.14 on LAPTOP-LC5FHFP2 with PID 14632 (D:\JAVA\Project\hmall\hmall\cart-service\target\classes started by kkkkkkk in D:\JAVA\Project\hmall\hmall)
20:01:33:956 DEBUG 14632 --- [main] com.hmall.cart.CartApplication           : Running with Spring Boot v2.7.12, Spring v5.3.27
20:01:33:957  INFO 14632 --- [main] com.hmall.cart.CartApplication           : The following 1 profile is active: "local"
20:01:34:811  INFO 14632 --- [main] o.s.cloud.context.scope.GenericScope     : BeanFactory id=3e802608-092a-31dc-953a-ce689d315aca
20:01:35:096  INFO 14632 --- [main] o.s.b.w.embedded.tomcat.TomcatWebServer  : Tomcat initialized with port(s): 8082 (http)
20:01:35:103  INFO 14632 --- [main] o.apache.catalina.core.StandardService   : Starting service [Tomcat]
20:01:35:103  INFO 14632 --- [main] org.apache.catalina.core.StandardEngine  : Starting Servlet engine: [Apache Tomcat/9.0.75]
20:01:35:214  INFO 14632 --- [main] o.a.c.c.C.[Tomcat].[localhost].[/]       : Initializing Spring embedded WebApplicationContext
20:01:35:214  INFO 14632 --- [main] w.s.c.ServletWebServerApplicationContext : Root WebApplicationContext: initialization completed in 1224 ms
20:01:35:386  INFO 14632 --- [main] o.s.c.openfeign.FeignClientFactoryBean   : For 'item-service' URL not provided. Will try picking an instance via load-balancing.
20:01:37:570  INFO 14632 --- [main] pertySourcedRequestMappingHandlerMapping : Mapped URL path [/v2/api-docs] onto method [springfox.documentation.swagger2.web.Swagger2ControllerWebMvc#getDocumentation(String, HttpServletRequest)]
20:01:38:583  INFO 14632 --- [main] com.alibaba.nacos.common.remote.client   : [RpcClientFactory] create a new rpc client of d795818b-76ca-4ccf-8043-213be221d1b8
20:01:38:619  INFO 14632 --- [main] org.reflections.Reflections              : Reflections took 21 ms to scan 1 urls, producing 3 keys and 6 values 
20:01:38:641  INFO 14632 --- [main] org.reflections.Reflections              : Reflections took 9 ms to scan 1 urls, producing 4 keys and 9 values 
20:01:38:653  INFO 14632 --- [main] org.reflections.Reflections              : Reflections took 10 ms to scan 1 urls, producing 3 keys and 10 values 
20:01:38:656  WARN 14632 --- [main] org.reflections.Reflections              : given scan urls are empty. set urls in the configuration
20:01:38:667  INFO 14632 --- [main] org.reflections.Reflections              : Reflections took 10 ms to scan 1 urls, producing 1 keys and 5 values 
20:01:38:677  INFO 14632 --- [main] org.reflections.Reflections              : Reflections took 8 ms to scan 1 urls, producing 1 keys and 7 values 
20:01:38:686  INFO 14632 --- [main] org.reflections.Reflections              : Reflections took 7 ms to scan 1 urls, producing 2 keys and 8 values 
20:01:38:688  WARN 14632 --- [main] org.reflections.Reflections              : given scan urls are empty. set urls in the configuration
20:01:38:689  INFO 14632 --- [main] com.alibaba.nacos.common.remote.client   : [d795818b-76ca-4ccf-8043-213be221d1b8] RpcClient init label, labels = {module=naming, source=sdk}
20:01:38:691  INFO 14632 --- [main] com.alibaba.nacos.common.remote.client   : [d795818b-76ca-4ccf-8043-213be221d1b8] RpcClient init, ServerListFactory = com.alibaba.nacos.client.naming.core.ServerListManager
20:01:38:691  INFO 14632 --- [main] com.alibaba.nacos.common.remote.client   : [d795818b-76ca-4ccf-8043-213be221d1b8] Registry connection listener to current client:com.alibaba.nacos.client.naming.remote.gprc.redo.NamingGrpcRedoService
20:01:38:692  INFO 14632 --- [main] com.alibaba.nacos.common.remote.client   : [d795818b-76ca-4ccf-8043-213be221d1b8] Register server push request handler:com.alibaba.nacos.client.naming.remote.gprc.NamingPushRequestHandler
20:01:38:693  INFO 14632 --- [main] com.alibaba.nacos.common.remote.client   : [d795818b-76ca-4ccf-8043-213be221d1b8] Try to connect to server on start up, server: {serverIp = '192.168.66.100', server main port = 8848}
20:01:40:675  INFO 14632 --- [main] com.alibaba.nacos.common.remote.client   : [d795818b-76ca-4ccf-8043-213be221d1b8] Success to connect to server [192.168.66.100:8848] on start up, connectionId = 1718366500504_172.17.0.1_52829
20:01:40:675  INFO 14632 --- [com.alibaba.nacos.client.remote.worker] com.alibaba.nacos.common.remote.client   : [d795818b-76ca-4ccf-8043-213be221d1b8] Notify connected event to listeners.
20:01:40:677  INFO 14632 --- [main] com.alibaba.nacos.common.remote.client   : [d795818b-76ca-4ccf-8043-213be221d1b8] Register server push request handler:com.alibaba.nacos.common.remote.client.RpcClient$ConnectResetRequestHandler
20:01:40:677  INFO 14632 --- [main] com.alibaba.nacos.common.remote.client   : [d795818b-76ca-4ccf-8043-213be221d1b8] Register server push request handler:com.alibaba.nacos.common.remote.client.RpcClient$$Lambda$987/0x0000000800713c40
20:01:40:721  INFO 14632 --- [main] o.s.b.w.embedded.tomcat.TomcatWebServer  : Tomcat started on port(s): 8082 (http) with context path ''
20:01:40:730  INFO 14632 --- [main] c.a.c.n.registry.NacosServiceRegistry    : nacos registry, DEFAULT_GROUP cart-service 10.242.202.211:8082 register finished
20:01:41:230  INFO 14632 --- [nacos-grpc-client-executor-9] com.alibaba.nacos.common.remote.client   : [d795818b-76ca-4ccf-8043-213be221d1b8] Receive server push request, request = NotifySubscriberRequest, requestId = 14
20:01:41:232  INFO 14632 --- [nacos-grpc-client-executor-9] com.alibaba.nacos.common.remote.client   : [d795818b-76ca-4ccf-8043-213be221d1b8] Ack server push request, request = NotifySubscriberRequest, requestId = 14
20:01:41:312  INFO 14632 --- [main] d.s.w.p.DocumentationPluginsBootstrapper : Documentation plugins bootstrapped
20:01:41:314  INFO 14632 --- [main] d.s.w.p.DocumentationPluginsBootstrapper : Found 1 custom documentation plugin(s)
20:01:41:335  INFO 14632 --- [main] s.d.s.w.s.ApiListingReferenceScanner     : Scanning for api listing references
20:01:41:406  INFO 14632 --- [main] com.hmall.cart.CartApplication           : Started CartApplication in 8.542 seconds (JVM running for 10.014)
20:01:47:820  INFO 14632 --- [http-nio-8082-exec-1] o.a.c.c.C.[Tomcat].[localhost].[/]       : Initializing Spring DispatcherServlet 'dispatcherServlet'
20:01:47:821  INFO 14632 --- [http-nio-8082-exec-1] o.s.web.servlet.DispatcherServlet        : Initializing Servlet 'dispatcherServlet'
20:01:47:822  INFO 14632 --- [http-nio-8082-exec-1] o.s.web.servlet.DispatcherServlet        : Completed initialization in 1 ms
20:01:47:905  INFO 14632 --- [http-nio-8082-exec-1] com.zaxxer.hikari.HikariDataSource       : HikariPool-1 - Starting...
20:01:48:014  INFO 14632 --- [http-nio-8082-exec-1] com.zaxxer.hikari.HikariDataSource       : HikariPool-1 - Start completed.
20:01:48:019 DEBUG 14632 --- [http-nio-8082-exec-1] c.h.cart.mapper.CartMapper.selectList    : ==>  Preparing: SELECT id,user_id,item_id,num,name,spec,price,image,create_time,update_time FROM cart WHERE (user_id = ?)
20:01:48:038 DEBUG 14632 --- [http-nio-8082-exec-1] c.h.cart.mapper.CartMapper.selectList    : ==> Parameters: 1(Long)
20:01:48:060 DEBUG 14632 --- [http-nio-8082-exec-1] c.h.cart.mapper.CartMapper.selectList    : <==      Total: 1
20:03:20:402  WARN 14632 --- [HikariPool-1 housekeeper] com.zaxxer.hikari.pool.HikariPool        : HikariPool-1 - Thread starvation or clock leap detected (housekeeper delta=2m2s387ms958µs300ns).
20:03:39:074 ERROR 14632 --- [com.alibaba.nacos.client.naming.updater.0] com.alibaba.nacos.common.remote.client   : Send request fail, request = ServiceQueryRequest{headers={}, requestId='null'}, retryTimes = 0, errorMessage = java.util.concurrent.TimeoutException: Waited 3000 milliseconds (plus 15663 milliseconds, 278000 nanoseconds delay) for com.alibaba.nacos.shaded.io.grpc.stub.ClientCalls$GrpcFuture@66629499[status=PENDING, info=[GrpcFuture{clientCall={delegate={delegate=ClientCallImpl{method=MethodDescriptor{fullMethodName=Request/request, type=UNARY, idempotent=false, safe=false, sampledToLocalTracing=true, requestMarshaller=com.alibaba.nacos.shaded.io.grpc.protobuf.lite.ProtoLiteUtils$MessageMarshaller@408a43ba, responseMarshaller=com.alibaba.nacos.shaded.io.grpc.protobuf.lite.ProtoLiteUtils$MessageMarshaller@5dbe05b5, schemaDescriptor=com.alibaba.nacos.api.grpc.auto.RequestGrpc$RequestMethodDescriptorSupplier@16b2dd30}}}}}]]
20:03:39:077  INFO 14632 --- [nacos-grpc-client-executor-11] com.alibaba.nacos.common.remote.client   : [d795818b-76ca-4ccf-8043-213be221d1b8] Receive server push request, request = ClientDetectionRequest, requestId = 15
20:03:39:397  INFO 14632 --- [nacos-grpc-client-executor-11] com.alibaba.nacos.common.remote.client   : [d795818b-76ca-4ccf-8043-213be221d1b8] Ack server push request, request = ClientDetectionRequest, requestId = 15
20:03:40:123  INFO 14632 --- [nacos-grpc-client-executor-11] c.a.n.c.remote.client.grpc.GrpcClient    : [1718366500504_172.17.0.1_52829]Ignore complete event,isRunning:false,isAbandon=false
20:03:40:142  INFO 14632 --- [com.alibaba.nacos.client.remote.worker] com.alibaba.nacos.common.remote.client   : [d795818b-76ca-4ccf-8043-213be221d1b8] Server healthy check fail, currentConnection = 1718366500504_172.17.0.1_52829
20:03:40:142  INFO 14632 --- [com.alibaba.nacos.client.remote.worker] com.alibaba.nacos.common.remote.client   : [d795818b-76ca-4ccf-8043-213be221d1b8] Try to reconnect to a new server, server is  not appointed, will choose a random server.
20:03:40:263  INFO 14632 --- [com.alibaba.nacos.client.remote.worker] com.alibaba.nacos.common.remote.client   : [d795818b-76ca-4ccf-8043-213be221d1b8] Success to connect a server [192.168.66.100:8848], connectionId = 1718366620151_172.17.0.1_53273
20:03:40:263  INFO 14632 --- [com.alibaba.nacos.client.remote.worker] com.alibaba.nacos.common.remote.client   : [d795818b-76ca-4ccf-8043-213be221d1b8] Abandon prev connection, server is 192.168.66.100:8848, connectionId is 1718366500504_172.17.0.1_52829
20:03:40:263  INFO 14632 --- [com.alibaba.nacos.client.remote.worker] com.alibaba.nacos.common.remote.client   : Close current connection 1718366500504_172.17.0.1_52829
20:03:40:266  INFO 14632 --- [com.alibaba.nacos.client.remote.worker] com.alibaba.nacos.common.remote.client   : [d795818b-76ca-4ccf-8043-213be221d1b8] Notify disconnected event to listeners
20:03:40:267  INFO 14632 --- [com.alibaba.nacos.client.remote.worker] com.alibaba.nacos.common.remote.client   : [d795818b-76ca-4ccf-8043-213be221d1b8] Notify connected event to listeners.
20:03:40:269  INFO 14632 --- [com.alibaba.nacos.client.remote.worker] com.alibaba.nacos.common.remote.client   : [d795818b-76ca-4ccf-8043-213be221d1b8] Server check success, currentServer is 192.168.66.100:8848 
20:04:07:229  WARN 14632 --- [HikariPool-1 housekeeper] com.zaxxer.hikari.pool.HikariPool        : HikariPool-1 - Thread starvation or clock leap detected (housekeeper delta=46s826ms891µs600ns).
20:04:07:234  INFO 14632 --- [nacos-grpc-client-executor-22] com.alibaba.nacos.common.remote.client   : [d795818b-76ca-4ccf-8043-213be221d1b8] Receive server push request, request = NotifySubscriberRequest, requestId = 16
20:04:07:235 ERROR 14632 --- [com.alibaba.nacos.client.naming.updater.0] com.alibaba.nacos.common.remote.client   : Send request fail, request = ServiceQueryRequest{headers={}, requestId='null'}, retryTimes = 0, errorMessage = java.util.concurrent.ExecutionException: com.alibaba.nacos.shaded.io.grpc.StatusRuntimeException: UNAVAILABLE: HTTP/2 error code: NO_ERROR
Received Goaway
app_requested
20:04:07:235  INFO 14632 --- [com.alibaba.nacos.client.remote.worker] com.alibaba.nacos.common.remote.client   : [d795818b-76ca-4ccf-8043-213be221d1b8] Server healthy check fail, currentConnection = 1718366620151_172.17.0.1_53273
20:04:07:235 ERROR 14632 --- [com.alibaba.nacos.client.naming.updater.1] com.alibaba.nacos.common.remote.client   : Send request fail, request = ServiceQueryRequest{headers={}, requestId='null'}, retryTimes = 0, errorMessage = java.util.concurrent.ExecutionException: com.alibaba.nacos.shaded.io.grpc.StatusRuntimeException: UNAVAILABLE: HTTP/2 error code: NO_ERROR
Received Goaway
app_requested
20:04:07:236  INFO 14632 --- [com.alibaba.nacos.client.remote.worker] com.alibaba.nacos.common.remote.client   : [d795818b-76ca-4ccf-8043-213be221d1b8] Try to reconnect to a new server, server is  not appointed, will choose a random server.
20:04:07:242  INFO 14632 --- [nacos-grpc-client-executor-22] com.alibaba.nacos.common.remote.client   : [d795818b-76ca-4ccf-8043-213be221d1b8] Ack server push request, request = NotifySubscriberRequest, requestId = 16
20:04:07:250  INFO 14632 --- [nacos-grpc-client-executor-28] com.alibaba.nacos.common.remote.client   : [d795818b-76ca-4ccf-8043-213be221d1b8] Receive server push request, request = NotifySubscriberRequest, requestId = 17
20:04:07:251  INFO 14632 --- [nacos-grpc-client-executor-28] com.alibaba.nacos.common.remote.client   : [d795818b-76ca-4ccf-8043-213be221d1b8] Ack server push request, request = NotifySubscriberRequest, requestId = 17
20:04:07:252  INFO 14632 --- [nacos-grpc-client-executor-30] com.alibaba.nacos.common.remote.client   : [d795818b-76ca-4ccf-8043-213be221d1b8] Receive server push request, request = NotifySubscriberRequest, requestId = 18
20:04:07:253  INFO 14632 --- [nacos-grpc-client-executor-30] com.alibaba.nacos.common.remote.client   : [d795818b-76ca-4ccf-8043-213be221d1b8] Ack server push request, request = NotifySubscriberRequest, requestId = 18
20:04:07:266  INFO 14632 --- [nacos-grpc-client-executor-34] com.alibaba.nacos.common.remote.client   : [d795818b-76ca-4ccf-8043-213be221d1b8] Receive server push request, request = NotifySubscriberRequest, requestId = 19
20:04:07:267  INFO 14632 --- [nacos-grpc-client-executor-34] com.alibaba.nacos.common.remote.client   : [d795818b-76ca-4ccf-8043-213be221d1b8] Ack server push request, request = NotifySubscriberRequest, requestId = 19
20:04:07:268  INFO 14632 --- [nacos-grpc-client-executor-37] com.alibaba.nacos.common.remote.client   : [d795818b-76ca-4ccf-8043-213be221d1b8] Receive server push request, request = ClientDetectionRequest, requestId = 20
20:04:07:268  INFO 14632 --- [nacos-grpc-client-executor-37] com.alibaba.nacos.common.remote.client   : [d795818b-76ca-4ccf-8043-213be221d1b8] Ack server push request, request = ClientDetectionRequest, requestId = 20
20:04:07:269  INFO 14632 --- [nacos-grpc-client-executor-37] c.a.n.c.remote.client.grpc.GrpcClient    : [1718366620151_172.17.0.1_53273]Ignore complete event,isRunning:false,isAbandon=false
20:04:07:336 ERROR 14632 --- [com.alibaba.nacos.client.naming.updater.1] com.alibaba.nacos.common.remote.client   : Send request fail, request = ServiceQueryRequest{headers={}, requestId='null'}, retryTimes = 1, errorMessage = Client not connected, current status:UNHEALTHY
20:04:07:367 ERROR 14632 --- [com.alibaba.nacos.client.naming.updater.0] com.alibaba.nacos.common.remote.client   : Send request fail, request = ServiceQueryRequest{headers={}, requestId='null'}, retryTimes = 1, errorMessage = Connection is unregistered.
20:04:07:370  INFO 14632 --- [com.alibaba.nacos.client.remote.worker] com.alibaba.nacos.common.remote.client   : [d795818b-76ca-4ccf-8043-213be221d1b8] Success to connect a server [192.168.66.100:8848], connectionId = 1718366647248_172.17.0.1_53319
20:04:07:370 ERROR 14632 --- [com.alibaba.nacos.client.naming.grpc.redo.0] com.alibaba.nacos.common.remote.client   : Send request fail, request = InstanceRequest{headers={}, requestId='null'}, retryTimes = 0, errorMessage = Connection is unregistered.
20:04:07:370  INFO 14632 --- [com.alibaba.nacos.client.remote.worker] com.alibaba.nacos.common.remote.client   : [d795818b-76ca-4ccf-8043-213be221d1b8] Abandon prev connection, server is 192.168.66.100:8848, connectionId is 1718366620151_172.17.0.1_53273
20:04:07:370  INFO 14632 --- [com.alibaba.nacos.client.remote.worker] com.alibaba.nacos.common.remote.client   : Close current connection 1718366620151_172.17.0.1_53273
20:04:07:371  INFO 14632 --- [com.alibaba.nacos.client.remote.worker] com.alibaba.nacos.common.remote.client   : [d795818b-76ca-4ccf-8043-213be221d1b8] Notify disconnected event to listeners
20:04:07:372  INFO 14632 --- [com.alibaba.nacos.client.remote.worker] com.alibaba.nacos.common.remote.client   : [d795818b-76ca-4ccf-8043-213be221d1b8] Notify connected event to listeners.
20:04:07:437 ERROR 14632 --- [com.alibaba.nacos.client.naming.updater.1] com.alibaba.nacos.common.remote.client   : Send request fail, request = ServiceQueryRequest{headers={}, requestId='null'}, retryTimes = 2, errorMessage = Client not connected, current status:UNHEALTHY
20:04:07:440  INFO 14632 --- [com.alibaba.nacos.client.remote.worker] com.alibaba.nacos.common.remote.client   : [d795818b-76ca-4ccf-8043-213be221d1b8] Server check success, currentServer is 192.168.66.100:8848 
20:04:07:469 ERROR 14632 --- [com.alibaba.nacos.client.naming.updater.0] com.alibaba.nacos.common.remote.client   : Send request fail, request = ServiceQueryRequest{headers={}, requestId='null'}, retryTimes = 2, errorMessage = Client not connected, current status:UNHEALTHY
20:04:07:472 ERROR 14632 --- [com.alibaba.nacos.client.naming.grpc.redo.0] com.alibaba.nacos.common.remote.client   : Send request fail, request = InstanceRequest{headers={}, requestId='null'}, retryTimes = 1, errorMessage = Client not connected, current status:UNHEALTHY
20:04:07:472  INFO 14632 --- [com.alibaba.nacos.client.remote.worker] com.alibaba.nacos.common.remote.client   : [d795818b-76ca-4ccf-8043-213be221d1b8] Server check success, currentServer is 192.168.66.100:8848 
20:04:07:575 ERROR 14632 --- [com.alibaba.nacos.client.naming.grpc.redo.0] com.alibaba.nacos.common.remote.client   : Send request fail, request = InstanceRequest{headers={}, requestId='null'}, retryTimes = 2, errorMessage = Client not connected, current status:UNHEALTHY
20:04:07:578  INFO 14632 --- [com.alibaba.nacos.client.remote.worker] com.alibaba.nacos.common.remote.client   : [d795818b-76ca-4ccf-8043-213be221d1b8] Server check success, currentServer is 192.168.66.100:8848 
20:04:09:851 DEBUG 14632 --- [http-nio-8082-exec-3] c.h.cart.mapper.CartMapper.selectList    : ==>  Preparing: SELECT id,user_id,item_id,num,name,spec,price,image,create_time,update_time FROM cart WHERE (user_id = ?)
20:04:09:852 DEBUG 14632 --- [http-nio-8082-exec-3] c.h.cart.mapper.CartMapper.selectList    : ==> Parameters: 1(Long)
20:04:09:853 DEBUG 14632 --- [http-nio-8082-exec-3] c.h.cart.mapper.CartMapper.selectList    : <==      Total: 1
20:04:28:620 ERROR 14632 --- [com.alibaba.nacos.client.naming.updater.3] com.alibaba.nacos.common.remote.client   : Send request fail, request = ServiceQueryRequest{headers={}, requestId='null'}, retryTimes = 0, errorMessage = java.util.concurrent.TimeoutException: Waited 3000 milliseconds (plus 6317 milliseconds, 273000 nanoseconds delay) for com.alibaba.nacos.shaded.io.grpc.stub.ClientCalls$GrpcFuture@663fc0d8[status=PENDING, info=[GrpcFuture{clientCall={delegate={delegate=ClientCallImpl{method=MethodDescriptor{fullMethodName=Request/request, type=UNARY, idempotent=false, safe=false, sampledToLocalTracing=true, requestMarshaller=com.alibaba.nacos.shaded.io.grpc.protobuf.lite.ProtoLiteUtils$MessageMarshaller@408a43ba, responseMarshaller=com.alibaba.nacos.shaded.io.grpc.protobuf.lite.ProtoLiteUtils$MessageMarshaller@5dbe05b5, schemaDescriptor=com.alibaba.nacos.api.grpc.auto.RequestGrpc$RequestMethodDescriptorSupplier@16b2dd30}}}}}]]
20:04:28:620 ERROR 14632 --- [com.alibaba.nacos.client.naming.grpc.redo.0] com.alibaba.nacos.common.remote.client   : Send request fail, request = InstanceRequest{headers={}, requestId='null'}, retryTimes = 0, errorMessage = java.util.concurrent.TimeoutException: Waited 3000 milliseconds (plus 6317 milliseconds, 136200 nanoseconds delay) for com.alibaba.nacos.shaded.io.grpc.stub.ClientCalls$GrpcFuture@19b9cbe7[status=PENDING, info=[GrpcFuture{clientCall={delegate={delegate=ClientCallImpl{method=MethodDescriptor{fullMethodName=Request/request, type=UNARY, idempotent=false, safe=false, sampledToLocalTracing=true, requestMarshaller=com.alibaba.nacos.shaded.io.grpc.protobuf.lite.ProtoLiteUtils$MessageMarshaller@408a43ba, responseMarshaller=com.alibaba.nacos.shaded.io.grpc.protobuf.lite.ProtoLiteUtils$MessageMarshaller@5dbe05b5, schemaDescriptor=com.alibaba.nacos.api.grpc.auto.RequestGrpc$RequestMethodDescriptorSupplier@16b2dd30}}}}}]]
20:04:28:622  INFO 14632 --- [com.alibaba.nacos.client.remote.worker] com.alibaba.nacos.common.remote.client   : [d795818b-76ca-4ccf-8043-213be221d1b8] Server healthy check fail, currentConnection = 1718366647248_172.17.0.1_53319
20:04:28:622  INFO 14632 --- [com.alibaba.nacos.client.remote.worker] com.alibaba.nacos.common.remote.client   : [d795818b-76ca-4ccf-8043-213be221d1b8] Try to reconnect to a new server, server is  not appointed, will choose a random server.
20:06:12:060  WARN 14632 --- [HikariPool-1 housekeeper] com.zaxxer.hikari.pool.HikariPool        : HikariPool-1 - Thread starvation or clock leap detected (housekeeper delta=2m4s831ms645µs).
20:06:12:061  INFO 14632 --- [com.alibaba.nacos.client.remote.worker] com.alibaba.nacos.common.remote.client   : [d795818b-76ca-4ccf-8043-213be221d1b8] Success to connect a server [192.168.66.100:8848], connectionId = 1718366675494_172.17.0.1_53395
20:06:12:062  INFO 14632 --- [com.alibaba.nacos.client.remote.worker] com.alibaba.nacos.common.remote.client   : [d795818b-76ca-4ccf-8043-213be221d1b8] Abandon prev connection, server is 192.168.66.100:8848, connectionId is 1718366647248_172.17.0.1_53319
20:06:12:062  INFO 14632 --- [com.alibaba.nacos.client.remote.worker] com.alibaba.nacos.common.remote.client   : Close current connection 1718366647248_172.17.0.1_53319
20:06:12:062  INFO 14632 --- [com.alibaba.nacos.client.remote.worker] com.alibaba.nacos.common.remote.client   : [d795818b-76ca-4ccf-8043-213be221d1b8] Notify disconnected event to listeners
20:06:12:063  INFO 14632 --- [com.alibaba.nacos.client.remote.worker] com.alibaba.nacos.common.remote.client   : [d795818b-76ca-4ccf-8043-213be221d1b8] Notify connected event to listeners.
20:06:12:066  INFO 14632 --- [nacos-grpc-client-executor-53] com.alibaba.nacos.common.remote.client   : [d795818b-76ca-4ccf-8043-213be221d1b8] Receive server push request, request = ClientDetectionRequest, requestId = 22
20:06:12:066  INFO 14632 --- [nacos-grpc-client-executor-54] com.alibaba.nacos.common.remote.client   : [d795818b-76ca-4ccf-8043-213be221d1b8] Receive server push request, request = ClientDetectionRequest, requestId = 21
20:06:12:066  INFO 14632 --- [nacos-grpc-client-executor-53] com.alibaba.nacos.common.remote.client   : [d795818b-76ca-4ccf-8043-213be221d1b8] Ack server push request, request = ClientDetectionRequest, requestId = 22
20:06:12:066  INFO 14632 --- [nacos-grpc-client-executor-54] com.alibaba.nacos.common.remote.client   : [d795818b-76ca-4ccf-8043-213be221d1b8] Ack server push request, request = ClientDetectionRequest, requestId = 21
20:06:12:067  INFO 14632 --- [nacos-grpc-client-executor-54] c.a.n.c.remote.client.grpc.GrpcClient    : [1718366647248_172.17.0.1_53319]Ignore complete event,isRunning:true,isAbandon=true
20:06:12:067 ERROR 14632 --- [nacos-grpc-client-executor-53] c.a.n.c.remote.client.grpc.GrpcClient    : [1718366675494_172.17.0.1_53395]Request stream onCompleted, switch server
20:06:12:075  INFO 14632 --- [com.alibaba.nacos.client.remote.worker] com.alibaba.nacos.common.remote.client   : [d795818b-76ca-4ccf-8043-213be221d1b8] Try to reconnect to a new server, server is  not appointed, will choose a random server.
20:06:12:161 ERROR 14632 --- [com.alibaba.nacos.client.naming.updater.3] com.alibaba.nacos.common.remote.client   : Send request fail, request = ServiceQueryRequest{headers={app=unknown}, requestId='null'}, retryTimes = 0, errorMessage = Client not connected, current status:UNHEALTHY
20:06:12:161 ERROR 14632 --- [com.alibaba.nacos.client.naming.updater.2] com.alibaba.nacos.common.remote.client   : Send request fail, request = ServiceQueryRequest{headers={app=unknown}, requestId='null'}, retryTimes = 0, errorMessage = Client not connected, current status:UNHEALTHY
20:06:12:186  INFO 14632 --- [com.alibaba.nacos.client.remote.worker] com.alibaba.nacos.common.remote.client   : [d795818b-76ca-4ccf-8043-213be221d1b8] Success to connect a server [192.168.66.100:8848], connectionId = 1718366772079_172.17.0.1_53671
20:06:12:186  INFO 14632 --- [com.alibaba.nacos.client.remote.worker] com.alibaba.nacos.common.remote.client   : [d795818b-76ca-4ccf-8043-213be221d1b8] Abandon prev connection, server is 192.168.66.100:8848, connectionId is 1718366675494_172.17.0.1_53395
20:06:12:186  INFO 14632 --- [com.alibaba.nacos.client.remote.worker] com.alibaba.nacos.common.remote.client   : Close current connection 1718366675494_172.17.0.1_53395
20:06:12:186  INFO 14632 --- [com.alibaba.nacos.client.remote.worker] com.alibaba.nacos.common.remote.client   : [d795818b-76ca-4ccf-8043-213be221d1b8] Try to reconnect to a new server, server is  not appointed, will choose a random server.
20:06:12:186  INFO 14632 --- [com.alibaba.nacos.client.remote.worker] com.alibaba.nacos.common.remote.client   : [d795818b-76ca-4ccf-8043-213be221d1b8] Notify disconnected event to listeners
20:06:12:187  INFO 14632 --- [com.alibaba.nacos.client.remote.worker] com.alibaba.nacos.common.remote.client   : [d795818b-76ca-4ccf-8043-213be221d1b8] Notify connected event to listeners.
20:06:12:264 ERROR 14632 --- [com.alibaba.nacos.client.naming.updater.2] com.alibaba.nacos.common.remote.client   : Send request fail, request = ServiceQueryRequest{headers={app=unknown}, requestId='null'}, retryTimes = 1, errorMessage = Client not connected, current status:UNHEALTHY
20:06:12:264 ERROR 14632 --- [com.alibaba.nacos.client.naming.updater.3] com.alibaba.nacos.common.remote.client   : Send request fail, request = ServiceQueryRequest{headers={app=unknown}, requestId='null'}, retryTimes = 1, errorMessage = Client not connected, current status:UNHEALTHY
20:06:12:297  INFO 14632 --- [com.alibaba.nacos.client.remote.worker] com.alibaba.nacos.common.remote.client   : [d795818b-76ca-4ccf-8043-213be221d1b8] Success to connect a server [192.168.66.100:8848], connectionId = 1718366772191_172.17.0.1_53672
20:06:12:297  INFO 14632 --- [com.alibaba.nacos.client.remote.worker] com.alibaba.nacos.common.remote.client   : [d795818b-76ca-4ccf-8043-213be221d1b8] Abandon prev connection, server is 192.168.66.100:8848, connectionId is 1718366772079_172.17.0.1_53671
20:06:12:297  INFO 14632 --- [com.alibaba.nacos.client.remote.worker] com.alibaba.nacos.common.remote.client   : Close current connection 1718366772079_172.17.0.1_53671
20:06:12:297  INFO 14632 --- [com.alibaba.nacos.client.remote.worker] com.alibaba.nacos.common.remote.client   : [d795818b-76ca-4ccf-8043-213be221d1b8] Notify disconnected event to listeners
20:06:12:297  INFO 14632 --- [com.alibaba.nacos.client.remote.worker] com.alibaba.nacos.common.remote.client   : [d795818b-76ca-4ccf-8043-213be221d1b8] Notify connected event to listeners.
20:06:12:298  WARN 14632 --- [nacos-grpc-client-executor-68] c.a.n.c.remote.client.grpc.GrpcClient    : [1718366772079_172.17.0.1_53671]Ignore error event,isRunning:true,isAbandon=true
20:06:15:647  INFO 14632 --- [nacos-grpc-client-executor-73] com.alibaba.nacos.common.remote.client   : [d795818b-76ca-4ccf-8043-213be221d1b8] Receive server push request, request = NotifySubscriberRequest, requestId = 23
20:06:15:647  INFO 14632 --- [nacos-grpc-client-executor-73] com.alibaba.nacos.common.remote.client   : [d795818b-76ca-4ccf-8043-213be221d1b8] Ack server push request, request = NotifySubscriberRequest, requestId = 23
20:06:15:649  INFO 14632 --- [nacos-grpc-client-executor-74] com.alibaba.nacos.common.remote.client   : [d795818b-76ca-4ccf-8043-213be221d1b8] Receive server push request, request = NotifySubscriberRequest, requestId = 24
20:06:15:649  INFO 14632 --- [nacos-grpc-client-executor-74] com.alibaba.nacos.common.remote.client   : [d795818b-76ca-4ccf-8043-213be221d1b8] Ack server push request, request = NotifySubscriberRequest, requestId = 24
20:24:09:915  WARN 14632 --- [Thread-7] c.a.n.common.http.HttpClientBeanHolder   : [HttpClientBeanHolder] Start destroying common HttpClient
20:24:09:915  WARN 14632 --- [Thread-4] c.a.nacos.common.notify.NotifyCenter     : [NotifyCenter] Start destroying Publisher
20:24:09:916  WARN 14632 --- [Thread-4] c.a.nacos.common.notify.NotifyCenter     : [NotifyCenter] Destruction of the end
20:24:09:916  WARN 14632 --- [Thread-7] c.a.n.common.http.HttpClientBeanHolder   : [HttpClientBeanHolder] Destruction of the end
20:24:10:529  INFO 14632 --- [SpringApplicationShutdownHook] c.a.c.n.registry.NacosServiceRegistry    : De-registering from Nacos Server now...
20:24:10:533  INFO 14632 --- [SpringApplicationShutdownHook] c.a.c.n.registry.NacosServiceRegistry    : De-registration finished.
20:24:10:840  INFO 14632 --- [SpringApplicationShutdownHook] com.alibaba.nacos.common.remote.client   : Shutdown rpc client, set status to shutdown
20:24:10:840  INFO 14632 --- [SpringApplicationShutdownHook] com.alibaba.nacos.common.remote.client   : Shutdown client event executor java.util.concurrent.ScheduledThreadPoolExecutor@3ab2f47e[Running, pool size = 2, active threads = 2, queued tasks = 0, completed tasks = 0]
20:24:10:840  INFO 14632 --- [SpringApplicationShutdownHook] com.alibaba.nacos.common.remote.client   : Close current connection 1718366772191_172.17.0.1_53672
20:24:10:842  INFO 14632 --- [SpringApplicationShutdownHook] c.a.n.c.remote.client.grpc.GrpcClient    : Shutdown grpc executor java.util.concurrent.ThreadPoolExecutor@2641674f[Running, pool size = 4, active threads = 0, queued tasks = 0, completed tasks = 297]
20:24:10:845  INFO 14632 --- [SpringApplicationShutdownHook] com.zaxxer.hikari.HikariDataSource       : HikariPool-1 - Shutdown initiated...
20:24:10:852  INFO 14632 --- [SpringApplicationShutdownHook] com.zaxxer.hikari.HikariDataSource       : HikariPool-1 - Shutdown completed.
22:45:09:943  INFO 7836 --- [main] com.hmall.cart.CartApplication           : Starting CartApplication using Java 11.0.14 on LAPTOP-LC5FHFP2 with PID 7836 (D:\JAVA\Project\hmall\hmall\cart-service\target\classes started by kkkkkkk in D:\JAVA\Project\hmall\hmall)
22:45:09:945 DEBUG 7836 --- [main] com.hmall.cart.CartApplication           : Running with Spring Boot v2.7.12, Spring v5.3.27
22:45:09:945  INFO 7836 --- [main] com.hmall.cart.CartApplication           : The following 1 profile is active: "local"
22:45:10:981  INFO 7836 --- [main] o.s.cloud.context.scope.GenericScope     : BeanFactory id=84891e9e-bc77-3b67-8793-17016fb9820d
22:45:11:392  INFO 7836 --- [main] o.s.b.w.embedded.tomcat.TomcatWebServer  : Tomcat initialized with port(s): 8082 (http)
22:45:11:401  INFO 7836 --- [main] o.apache.catalina.core.StandardService   : Starting service [Tomcat]
22:45:11:401  INFO 7836 --- [main] org.apache.catalina.core.StandardEngine  : Starting Servlet engine: [Apache Tomcat/9.0.75]
22:45:11:539  INFO 7836 --- [main] o.a.c.c.C.[Tomcat].[localhost].[/]       : Initializing Spring embedded WebApplicationContext
22:45:11:539  INFO 7836 --- [main] w.s.c.ServletWebServerApplicationContext : Root WebApplicationContext: initialization completed in 1557 ms
22:45:11:710  INFO 7836 --- [main] o.s.c.openfeign.FeignClientFactoryBean   : For 'item-service' URL not provided. Will try picking an instance via load-balancing.
22:45:14:681  INFO 7836 --- [main] pertySourcedRequestMappingHandlerMapping : Mapped URL path [/v2/api-docs] onto method [springfox.documentation.swagger2.web.Swagger2ControllerWebMvc#getDocumentation(String, HttpServletRequest)]
22:45:15:801  INFO 7836 --- [main] com.alibaba.nacos.common.remote.client   : [RpcClientFactory] create a new rpc client of eacc1723-55ab-4e53-8546-4aee18b4d32b
22:45:15:857  INFO 7836 --- [main] org.reflections.Reflections              : Reflections took 35 ms to scan 1 urls, producing 3 keys and 6 values 
22:45:15:883  INFO 7836 --- [main] org.reflections.Reflections              : Reflections took 11 ms to scan 1 urls, producing 4 keys and 9 values 
22:45:15:891  INFO 7836 --- [main] org.reflections.Reflections              : Reflections took 6 ms to scan 1 urls, producing 3 keys and 10 values 
22:45:15:894  WARN 7836 --- [main] org.reflections.Reflections              : given scan urls are empty. set urls in the configuration
22:45:15:906  INFO 7836 --- [main] org.reflections.Reflections              : Reflections took 11 ms to scan 1 urls, producing 1 keys and 5 values 
22:45:15:918  INFO 7836 --- [main] org.reflections.Reflections              : Reflections took 9 ms to scan 1 urls, producing 1 keys and 7 values 
22:45:15:927  INFO 7836 --- [main] org.reflections.Reflections              : Reflections took 7 ms to scan 1 urls, producing 2 keys and 8 values 
22:45:15:929  WARN 7836 --- [main] org.reflections.Reflections              : given scan urls are empty. set urls in the configuration
22:45:15:930  INFO 7836 --- [main] com.alibaba.nacos.common.remote.client   : [eacc1723-55ab-4e53-8546-4aee18b4d32b] RpcClient init label, labels = {module=naming, source=sdk}
22:45:15:932  INFO 7836 --- [main] com.alibaba.nacos.common.remote.client   : [eacc1723-55ab-4e53-8546-4aee18b4d32b] RpcClient init, ServerListFactory = com.alibaba.nacos.client.naming.core.ServerListManager
22:45:15:932  INFO 7836 --- [main] com.alibaba.nacos.common.remote.client   : [eacc1723-55ab-4e53-8546-4aee18b4d32b] Registry connection listener to current client:com.alibaba.nacos.client.naming.remote.gprc.redo.NamingGrpcRedoService
22:45:15:932  INFO 7836 --- [main] com.alibaba.nacos.common.remote.client   : [eacc1723-55ab-4e53-8546-4aee18b4d32b] Register server push request handler:com.alibaba.nacos.client.naming.remote.gprc.NamingPushRequestHandler
22:45:15:934  INFO 7836 --- [main] com.alibaba.nacos.common.remote.client   : [eacc1723-55ab-4e53-8546-4aee18b4d32b] Try to connect to server on start up, server: {serverIp = '192.168.66.100', server main port = 8848}
22:45:18:803  INFO 7836 --- [main] com.alibaba.nacos.common.remote.client   : [eacc1723-55ab-4e53-8546-4aee18b4d32b] Success to connect to server [192.168.66.100:8848] on start up, connectionId = 1718376318622_172.17.0.1_54714
22:45:18:804  INFO 7836 --- [com.alibaba.nacos.client.remote.worker] com.alibaba.nacos.common.remote.client   : [eacc1723-55ab-4e53-8546-4aee18b4d32b] Notify connected event to listeners.
22:45:18:804  INFO 7836 --- [main] com.alibaba.nacos.common.remote.client   : [eacc1723-55ab-4e53-8546-4aee18b4d32b] Register server push request handler:com.alibaba.nacos.common.remote.client.RpcClient$ConnectResetRequestHandler
22:45:18:805  INFO 7836 --- [main] com.alibaba.nacos.common.remote.client   : [eacc1723-55ab-4e53-8546-4aee18b4d32b] Register server push request handler:com.alibaba.nacos.common.remote.client.RpcClient$$Lambda$987/0x0000000800840040
22:45:18:859  INFO 7836 --- [main] o.s.b.w.embedded.tomcat.TomcatWebServer  : Tomcat started on port(s): 8082 (http) with context path ''
22:45:18:874  INFO 7836 --- [main] c.a.c.n.registry.NacosServiceRegistry    : nacos registry, DEFAULT_GROUP cart-service 10.242.202.211:8082 register finished
22:45:19:475  INFO 7836 --- [nacos-grpc-client-executor-9] com.alibaba.nacos.common.remote.client   : [eacc1723-55ab-4e53-8546-4aee18b4d32b] Receive server push request, request = NotifySubscriberRequest, requestId = 25
22:45:19:478  INFO 7836 --- [nacos-grpc-client-executor-9] com.alibaba.nacos.common.remote.client   : [eacc1723-55ab-4e53-8546-4aee18b4d32b] Ack server push request, request = NotifySubscriberRequest, requestId = 25
22:45:19:769  INFO 7836 --- [main] d.s.w.p.DocumentationPluginsBootstrapper : Documentation plugins bootstrapped
22:45:19:772  INFO 7836 --- [main] d.s.w.p.DocumentationPluginsBootstrapper : Found 1 custom documentation plugin(s)
22:45:19:791  INFO 7836 --- [main] s.d.s.w.s.ApiListingReferenceScanner     : Scanning for api listing references
22:45:19:881  INFO 7836 --- [main] com.hmall.cart.CartApplication           : Started CartApplication in 11.176 seconds (JVM running for 12.548)
22:45:40:251  INFO 7836 --- [http-nio-8082-exec-1] o.a.c.c.C.[Tomcat].[localhost].[/]       : Initializing Spring DispatcherServlet 'dispatcherServlet'
22:45:40:252  INFO 7836 --- [http-nio-8082-exec-1] o.s.web.servlet.DispatcherServlet        : Initializing Servlet 'dispatcherServlet'
22:45:40:253  INFO 7836 --- [http-nio-8082-exec-1] o.s.web.servlet.DispatcherServlet        : Completed initialization in 1 ms
22:45:43:912  INFO 7836 --- [http-nio-8082-exec-1] com.zaxxer.hikari.HikariDataSource       : HikariPool-1 - Starting...
22:45:44:096  INFO 7836 --- [http-nio-8082-exec-1] com.zaxxer.hikari.HikariDataSource       : HikariPool-1 - Start completed.
22:45:44:103 DEBUG 7836 --- [http-nio-8082-exec-1] c.h.cart.mapper.CartMapper.selectList    : ==>  Preparing: SELECT id,user_id,item_id,num,name,spec,price,image,create_time,update_time FROM cart WHERE (user_id = ?)
22:45:44:122 DEBUG 7836 --- [http-nio-8082-exec-1] c.h.cart.mapper.CartMapper.selectList    : ==> Parameters: 1(Long)
22:45:44:150 DEBUG 7836 --- [http-nio-8082-exec-1] c.h.cart.mapper.CartMapper.selectList    : <==      Total: 1
22:45:44:853  INFO 7836 --- [nacos-grpc-client-executor-20] com.alibaba.nacos.common.remote.client   : [eacc1723-55ab-4e53-8546-4aee18b4d32b] Receive server push request, request = NotifySubscriberRequest, requestId = 29
22:45:44:853  INFO 7836 --- [nacos-grpc-client-executor-20] com.alibaba.nacos.common.remote.client   : [eacc1723-55ab-4e53-8546-4aee18b4d32b] Ack server push request, request = NotifySubscriberRequest, requestId = 29
22:45:46:435 DEBUG 7836 --- [http-nio-8082-exec-3] c.h.cart.mapper.CartMapper.selectList    : ==>  Preparing: SELECT id,user_id,item_id,num,name,spec,price,image,create_time,update_time FROM cart WHERE (user_id = ?)
22:45:46:435 DEBUG 7836 --- [http-nio-8082-exec-3] c.h.cart.mapper.CartMapper.selectList    : ==> Parameters: 1(Long)
22:45:46:436 DEBUG 7836 --- [http-nio-8082-exec-3] c.h.cart.mapper.CartMapper.selectList    : <==      Total: 1
22:45:47:080 DEBUG 7836 --- [http-nio-8082-exec-2] c.h.cart.mapper.CartMapper.selectList    : ==>  Preparing: SELECT id,user_id,item_id,num,name,spec,price,image,create_time,update_time FROM cart WHERE (user_id = ?)
22:45:47:081 DEBUG 7836 --- [http-nio-8082-exec-2] c.h.cart.mapper.CartMapper.selectList    : ==> Parameters: 1(Long)
22:45:47:082 DEBUG 7836 --- [http-nio-8082-exec-2] c.h.cart.mapper.CartMapper.selectList    : <==      Total: 1
22:45:47:622 DEBUG 7836 --- [http-nio-8082-exec-4] c.h.cart.mapper.CartMapper.selectList    : ==>  Preparing: SELECT id,user_id,item_id,num,name,spec,price,image,create_time,update_time FROM cart WHERE (user_id = ?)
22:45:47:622 DEBUG 7836 --- [http-nio-8082-exec-4] c.h.cart.mapper.CartMapper.selectList    : ==> Parameters: 1(Long)
22:45:47:624 DEBUG 7836 --- [http-nio-8082-exec-4] c.h.cart.mapper.CartMapper.selectList    : <==      Total: 1
22:45:48:355 DEBUG 7836 --- [http-nio-8082-exec-5] c.h.cart.mapper.CartMapper.selectList    : ==>  Preparing: SELECT id,user_id,item_id,num,name,spec,price,image,create_time,update_time FROM cart WHERE (user_id = ?)
22:45:48:356 DEBUG 7836 --- [http-nio-8082-exec-5] c.h.cart.mapper.CartMapper.selectList    : ==> Parameters: 1(Long)
22:45:48:357 DEBUG 7836 --- [http-nio-8082-exec-5] c.h.cart.mapper.CartMapper.selectList    : <==      Total: 1
22:46:05:445  WARN 7836 --- [Thread-7] c.a.n.common.http.HttpClientBeanHolder   : [HttpClientBeanHolder] Start destroying common HttpClient
22:46:05:445  WARN 7836 --- [Thread-4] c.a.nacos.common.notify.NotifyCenter     : [NotifyCenter] Start destroying Publisher
22:46:05:446  WARN 7836 --- [Thread-4] c.a.nacos.common.notify.NotifyCenter     : [NotifyCenter] Destruction of the end
22:46:05:446  WARN 7836 --- [Thread-7] c.a.n.common.http.HttpClientBeanHolder   : [HttpClientBeanHolder] Destruction of the end
22:46:06:147  INFO 7836 --- [SpringApplicationShutdownHook] c.a.c.n.registry.NacosServiceRegistry    : De-registering from Nacos Server now...
22:46:06:152  INFO 7836 --- [SpringApplicationShutdownHook] c.a.c.n.registry.NacosServiceRegistry    : De-registration finished.
22:46:06:459  INFO 7836 --- [SpringApplicationShutdownHook] com.alibaba.nacos.common.remote.client   : Shutdown rpc client, set status to shutdown
22:46:06:459  INFO 7836 --- [SpringApplicationShutdownHook] com.alibaba.nacos.common.remote.client   : Shutdown client event executor java.util.concurrent.ScheduledThreadPoolExecutor@4c7e9d11[Running, pool size = 2, active threads = 2, queued tasks = 0, completed tasks = 0]
22:46:06:459  INFO 7836 --- [SpringApplicationShutdownHook] com.alibaba.nacos.common.remote.client   : Close current connection 1718376318622_172.17.0.1_54714
22:46:06:461  INFO 7836 --- [nacos-grpc-client-executor-30] c.a.n.c.remote.client.grpc.GrpcClient    : [1718376318622_172.17.0.1_54714]Ignore complete event,isRunning:false,isAbandon=false
22:46:06:463  INFO 7836 --- [SpringApplicationShutdownHook] c.a.n.c.remote.client.grpc.GrpcClient    : Shutdown grpc executor java.util.concurrent.ThreadPoolExecutor@173e818c[Running, pool size = 6, active threads = 0, queued tasks = 0, completed tasks = 31]
22:46:06:467  INFO 7836 --- [SpringApplicationShutdownHook] com.zaxxer.hikari.HikariDataSource       : HikariPool-1 - Shutdown initiated...
22:46:06:473  INFO 7836 --- [SpringApplicationShutdownHook] com.zaxxer.hikari.HikariDataSource       : HikariPool-1 - Shutdown completed.
